#
# There is insufficient memory for the Java Runtime Environment to continue.
# Native memory allocation (malloc) failed to allocate 1690176 bytes for Chunk::new
# Possible reasons:
#   The system is out of physical RAM or swap space
#   In 32 bit mode, the process size limit was hit
# Possible solutions:
#   Reduce memory load on the system
#   Increase physical memory or swap space
#   Check if swap backing store is full
#   Use 64 bit Java on a 64 bit OS
#   Decrease Java heap size (-Xmx/-Xms)
#   Decrease number of Java threads
#   Decrease Java thread stack sizes (-Xss)
#   Set larger code cache with -XX:ReservedCodeCacheSize=
# This output file may be truncated or incomplete.
#
#  Out of Memory Error (allocation.cpp:390), pid=3164, tid=8828
#
# JRE version: Java(TM) SE Runtime Environment (8.0_66-b18) (build 1.8.0_66-b18)
# Java VM: Java HotSpot(TM) 64-Bit Server VM (25.66-b18 mixed mode windows-amd64 compressed oops)
# Failed to write core dump. Minidumps are not enabled by default on client versions of Windows
#

---------------  T H R E A D  ---------------

Current thread (0x0000000030455000):  JavaThread "C2 CompilerThread1" daemon [_thread_in_native, id=8828, stack(0x0000000031ba0000,0x0000000031ca0000)]

Stack: [0x0000000031ba0000,0x0000000031ca0000]
[error occurred during error reporting (printing stack bounds), id 0xc0000005]

Native frames: (J=compiled Java code, j=interpreted, Vv=VM code, C=native code)


Current CompileTask:
C2:   2337 1287       4       java.net.URLClassLoader$1::run (5 bytes)


---------------  P R O C E S S  ---------------

Java Threads: ( => current thread )
  0x00000000331cf800 JavaThread "File lock request listener" [_thread_in_native, id=16128, stack(0x0000000034ff0000,0x00000000350f0000)]
  0x00000000331d2800 JavaThread "Cache worker for file hash cache (C:\Users\PulakDebasish\.gradle\caches\4.4\fileHashes)" [_thread_blocked, id=4996, stack(0x0000000034cf0000,0x0000000034df0000)]
  0x000000003315f800 JavaThread "Stdin handler" [_thread_blocked, id=9776, stack(0x0000000034bf0000,0x0000000034cf0000)]
  0x0000000033406800 JavaThread "Asynchronous log dispatcher for DefaultDaemonConnection: socket connection from /127.0.0.1:52859 to /127.0.0.1:52860" [_thread_blocked, id=13776, stack(0x0000000034af0000,0x0000000034bf0000)]
  0x0000000033191000 JavaThread "Daemon worker" [_thread_in_vm, id=13736, stack(0x00000000349f0000,0x0000000034af0000)]
  0x0000000033160800 JavaThread "Cancel handler" [_thread_blocked, id=12564, stack(0x00000000348f0000,0x00000000349f0000)]
  0x00000000333f5800 JavaThread "Handler for socket connection from /127.0.0.1:52859 to /127.0.0.1:52860" [_thread_in_native, id=13808, stack(0x00000000345f0000,0x00000000346f0000)]
  0x0000000033348800 JavaThread "Daemon" [_thread_blocked, id=15576, stack(0x00000000344f0000,0x00000000345f0000)]
  0x000000003332d000 JavaThread "Daemon periodic checks" [_thread_blocked, id=16060, stack(0x00000000343f0000,0x00000000344f0000)]
  0x0000000032fe3800 JavaThread "Incoming local TCP Connector on port 52859" [_thread_in_native, id=13496, stack(0x00000000341b0000,0x00000000342b0000)]
  0x00000000330be000 JavaThread "Daemon health stats" [_thread_blocked, id=14644, stack(0x0000000033b70000,0x0000000033c70000)]
  0x00000000304ae000 JavaThread "Service Thread" daemon [_thread_blocked, id=12296, stack(0x00000000321a0000,0x00000000322a0000)]
  0x0000000030464000 JavaThread "C1 CompilerThread2" daemon [_thread_blocked, id=9296, stack(0x0000000031ca0000,0x0000000031da0000)]
=>0x0000000030455000 JavaThread "C2 CompilerThread1" daemon [_thread_in_native, id=8828, stack(0x0000000031ba0000,0x0000000031ca0000)]
  0x0000000030452000 JavaThread "C2 CompilerThread0" daemon [_thread_blocked, id=2140, stack(0x0000000031aa0000,0x0000000031ba0000)]
  0x000000003044f800 JavaThread "Attach Listener" daemon [_thread_blocked, id=2188, stack(0x00000000319a0000,0x0000000031aa0000)]
  0x000000003044e800 JavaThread "Signal Dispatcher" daemon [_thread_blocked, id=10392, stack(0x00000000318a0000,0x00000000319a0000)]
  0x0000000003258000 JavaThread "Finalizer" daemon [_thread_blocked, id=14736, stack(0x00000000316b0000,0x00000000317b0000)]
  0x0000000030419000 JavaThread "Reference Handler" daemon [_thread_blocked, id=12432, stack(0x00000000315b0000,0x00000000316b0000)]
  0x0000000003163800 JavaThread "main" [_thread_blocked, id=7124, stack(0x0000000002fa0000,0x00000000030a0000)]

Other Threads:
  0x0000000030417000 VMThread [stack: 0x00000000314b0000,0x00000000315b0000] [id=6560]
  0x0000000031df6800 WatcherThread [stack: 0x00000000322a0000,0x00000000323a0000] [id=14176]

VM state:not at safepoint (normal execution)

VM Mutex/Monitor currently owned by a thread: None

Heap:
 PSYoungGen      total 305664K, used 157291K [0x000000072ab00000, 0x0000000740000000, 0x00000007c0000000)
  eden space 262144K, 60% used [0x000000072ab00000,0x000000073449aec8,0x000000073ab00000)
  from space 43520K, 0% used [0x000000073d580000,0x000000073d580000,0x0000000740000000)
  to   space 43520K, 0% used [0x000000073ab00000,0x000000073ab00000,0x000000073d580000)
 ParOldGen       total 699392K, used 0K [0x0000000600000000, 0x000000062ab00000, 0x000000072ab00000)
  object space 699392K, 0% used [0x0000000600000000,0x0000000600000000,0x000000062ab00000)
 Metaspace       used 14517K, capacity 14922K, committed 15104K, reserved 1062912K
  class space    used 2084K, capacity 2215K, committed 2304K, reserved 1048576K

Card table byte_map: [0x000000001f140000,0x000000001ff50000] byte_map_base: 0x000000001c140000

Marking Bits: (ParMarkBitMap*) 0x00000000662ba5b0
 Begin Bits: [0x0000000020cb0000, 0x0000000027cb0000)
 End Bits:   [0x0000000027cb0000, 0x000000002ecb0000)

Polling page: 0x0000000001580000

CodeCache: size=450560Kb used=4573Kb max_used=4573Kb free=445986Kb
 bounds [0x0000000003260000, 0x00000000036e0000, 0x000000001ea60000]
 total_blobs=1671 nmethods=1300 adapters=283
 compilation: enabled

Compilation events (10 events):
Event: 2.321 Thread 0x0000000030464000 1297       3       java.util.HashMap::removeNode (291 bytes)
Event: 2.322 Thread 0x0000000030464000 nmethod 1297 0x00000000036d3c50 code [0x00000000036d3ea0, 0x00000000036d50f8]
Event: 2.322 Thread 0x0000000030464000 1298   !   3       org.gradle.internal.service.DefaultServiceRegistry$DefaultLookupContext::find (72 bytes)
Event: 2.323 Thread 0x0000000030464000 nmethod 1298 0x00000000036d5790 code [0x00000000036d5a20, 0x00000000036d6b08]
Event: 2.328 Thread 0x0000000030464000 1299       3       org.gradle.internal.service.DefaultServiceRegistry$DefaultLookupContext$4::apply (13 bytes)
Event: 2.328 Thread 0x0000000030464000 nmethod 1299 0x00000000036d7890 code [0x00000000036d7a20, 0x00000000036d7f28]
Event: 2.328 Thread 0x0000000030464000 1301       3       org.gradle.internal.service.DefaultServiceRegistry$CompositeProvider::getService (71 bytes)
Event: 2.328 Thread 0x0000000030464000 nmethod 1301 0x00000000036d8090 code [0x00000000036d8260, 0x00000000036d8828]
Event: 2.328 Thread 0x0000000030464000 1300       3       org.gradle.internal.service.DefaultServiceRegistry$DefaultLookupContext$4::apply (12 bytes)
Event: 2.329 Thread 0x0000000030464000 nmethod 1300 0x00000000036d8b10 code [0x00000000036d8c80, 0x00000000036d8ea8]

GC Heap History (0 events):
No events

Deoptimization events (10 events):
Event: 1.160 Thread 0x0000000003163800 Uncommon trap: reason=bimorphic action=maybe_recompile pc=0x0000000003586cc8 method=java.util.HashMap.putVal(ILjava/lang/Object;Ljava/lang/Object;ZZ)Ljava/lang/Object; @ 203
Event: 1.386 Thread 0x0000000003163800 Uncommon trap: reason=unstable_if action=reinterpret pc=0x000000000352a550 method=java.io.WinNTFileSystem.normalize(Ljava/lang/String;)Ljava/lang/String; @ 128
Event: 1.386 Thread 0x0000000003163800 Uncommon trap: reason=unstable_if action=reinterpret pc=0x000000000356a648 method=java.io.WinNTFileSystem.normalize(Ljava/lang/String;II)Ljava/lang/String; @ 90
Event: 1.906 Thread 0x00000000333f5800 Uncommon trap: reason=unstable_if action=reinterpret pc=0x00000000035e2a0c method=java.util.concurrent.ConcurrentHashMap.putVal(Ljava/lang/Object;Ljava/lang/Object;Z)Ljava/lang/Object; @ 206
Event: 2.000 Thread 0x0000000033191000 Uncommon trap: reason=bimorphic action=maybe_recompile pc=0x0000000003586754 method=java.util.HashMap.putVal(ILjava/lang/Object;Ljava/lang/Object;ZZ)Ljava/lang/Object; @ 253
Event: 2.000 Thread 0x0000000033191000 Uncommon trap: reason=bimorphic action=maybe_recompile pc=0x0000000003586754 method=java.util.HashMap.putVal(ILjava/lang/Object;Ljava/lang/Object;ZZ)Ljava/lang/Object; @ 253
Event: 2.000 Thread 0x0000000033191000 Uncommon trap: reason=bimorphic action=maybe_recompile pc=0x000000000358d8c0 method=java.util.HashMap.putVal(ILjava/lang/Object;Ljava/lang/Object;ZZ)Ljava/lang/Object; @ 253
Event: 2.013 Thread 0x0000000033191000 Uncommon trap: reason=class_check action=maybe_recompile pc=0x00000000034c22b4 method=java.util.regex.Matcher.match(II)Z @ 86
Event: 2.268 Thread 0x0000000033191000 Uncommon trap: reason=class_check action=maybe_recompile pc=0x00000000034c22b4 method=java.util.regex.Matcher.match(II)Z @ 86
Event: 2.329 Thread 0x0000000033191000 Uncommon trap: reason=unstable_if action=reinterpret pc=0x00000000036b23f4 method=java.lang.String.lastIndexOf([CII[CIII)I @ 66

Internal exceptions (10 events):
Event: 1.926 Thread 0x00000000333f5800 Exception <a 'java/lang/NoSuchMethodError': <clinit>> (0x0000000730cf10c8) thrown at [C:\re\workspace\8-2-build-windows-amd64-cygwin\jdk8u66\5298\hotspot\src\share\vm\prims\jni.cpp, line 1591]
Event: 1.929 Thread 0x00000000333f5800 Exception <a 'java/lang/NoSuchMethodError': <clinit>> (0x0000000730d08c80) thrown at [C:\re\workspace\8-2-build-windows-amd64-cygwin\jdk8u66\5298\hotspot\src\share\vm\prims\jni.cpp, line 1591]
Event: 1.930 Thread 0x00000000333f5800 Exception <a 'java/lang/NoSuchMethodError': <clinit>> (0x0000000730d11708) thrown at [C:\re\workspace\8-2-build-windows-amd64-cygwin\jdk8u66\5298\hotspot\src\share\vm\prims\jni.cpp, line 1591]
Event: 1.931 Thread 0x00000000333f5800 Exception <a 'java/lang/NoSuchMethodError': <clinit>> (0x0000000730d209e8) thrown at [C:\re\workspace\8-2-build-windows-amd64-cygwin\jdk8u66\5298\hotspot\src\share\vm\prims\jni.cpp, line 1591]
Event: 1.951 Thread 0x00000000333f5800 Exception <a 'java/lang/NoSuchMethodError': <clinit>> (0x0000000730d8b490) thrown at [C:\re\workspace\8-2-build-windows-amd64-cygwin\jdk8u66\5298\hotspot\src\share\vm\prims\jni.cpp, line 1591]
Event: 1.955 Thread 0x00000000333f5800 Exception <a 'java/lang/NoSuchMethodError': <clinit>> (0x0000000730daef08) thrown at [C:\re\workspace\8-2-build-windows-amd64-cygwin\jdk8u66\5298\hotspot\src\share\vm\prims\jni.cpp, line 1591]
Event: 1.959 Thread 0x00000000333f5800 Exception <a 'java/lang/NoSuchMethodError': <clinit>> (0x0000000730dc9ef0) thrown at [C:\re\workspace\8-2-build-windows-amd64-cygwin\jdk8u66\5298\hotspot\src\share\vm\prims\jni.cpp, line 1591]
Event: 1.965 Thread 0x00000000333f5800 Exception <a 'java/lang/NoSuchMethodError': <clinit>> (0x0000000730df1e00) thrown at [C:\re\workspace\8-2-build-windows-amd64-cygwin\jdk8u66\5298\hotspot\src\share\vm\prims\jni.cpp, line 1591]
Event: 1.991 Thread 0x0000000033191000 Exception <a 'java/lang/NoSuchMethodError': <clinit>> (0x0000000731692e70) thrown at [C:\re\workspace\8-2-build-windows-amd64-cygwin\jdk8u66\5298\hotspot\src\share\vm\prims\jni.cpp, line 1591]
Event: 1.992 Thread 0x0000000033191000 Exception <a 'java/lang/NoSuchMethodError': <clinit>> (0x000000073169b0f8) thrown at [C:\re\workspace\8-2-build-windows-amd64-cygwin\jdk8u66\5298\hotspot\src\share\vm\prims\jni.cpp, line 1591]

Events (10 events):
Event: 2.331 loading class com/google/common/io/ByteSource$ByteArrayByteSource
Event: 2.331 loading class com/google/common/io/ByteSource$ByteArrayByteSource done
Event: 2.332 loading class com/google/common/io/ByteSource$ConcatenatedByteSource
Event: 2.332 loading class com/google/common/io/ByteSource$ConcatenatedByteSource done
Event: 2.332 loading class com/google/common/hash/PrimitiveSink
Event: 2.332 loading class com/google/common/hash/PrimitiveSink done
Event: 2.333 loading class com/google/common/io/CharSource$EmptyCharSource
Event: 2.333 loading class com/google/common/io/CharSource$EmptyCharSource done
Event: 2.333 loading class com/google/common/io/CharSource$CharSequenceCharSource
Event: 2.333 loading class com/google/common/io/CharSource$CharSequenceCharSource done


Dynamic libraries:
0x00007ff66c7e0000 - 0x00007ff66c817000 	C:\Program Files\Java\jdk1.8.0_66\bin\java.exe
0x00007ffdb52f0000 - 0x00007ffdb54d1000 	C:\WINDOWS\SYSTEM32\ntdll.dll
0x00007ffdb4e50000 - 0x00007ffdb4f02000 	C:\WINDOWS\System32\KERNEL32.DLL
0x00007ffdb23b0000 - 0x00007ffdb2623000 	C:\WINDOWS\System32\KERNELBASE.dll
0x00007ffdb2780000 - 0x00007ffdb2821000 	C:\WINDOWS\System32\ADVAPI32.dll
0x00007ffdb4840000 - 0x00007ffdb48de000 	C:\WINDOWS\System32\msvcrt.dll
0x00007ffdb4da0000 - 0x00007ffdb4dfb000 	C:\WINDOWS\System32\sechost.dll
0x00007ffdb4c70000 - 0x00007ffdb4d94000 	C:\WINDOWS\System32\RPCRT4.dll
0x00007ffdb2b60000 - 0x00007ffdb2cf0000 	C:\WINDOWS\System32\USER32.dll
0x00007ffdb20c0000 - 0x00007ffdb20e0000 	C:\WINDOWS\System32\win32u.dll
0x00007ffdb5280000 - 0x00007ffdb52a8000 	C:\WINDOWS\System32\GDI32.dll
0x00007ffdb1e20000 - 0x00007ffdb1fb2000 	C:\WINDOWS\System32\gdi32full.dll
0x00007ffdb2630000 - 0x00007ffdb26cf000 	C:\WINDOWS\System32\msvcp_win.dll
0x00007ffdb1fc0000 - 0x00007ffdb20ba000 	C:\WINDOWS\System32\ucrtbase.dll
0x00007ffda3920000 - 0x00007ffda3b89000 	C:\WINDOWS\WinSxS\amd64_microsoft.windows.common-controls_6595b64144ccf1df_6.0.17134.81_none_b4b229fe3cb4cfa3\COMCTL32.dll
0x00007ffdb2830000 - 0x00007ffdb2b53000 	C:\WINDOWS\System32\combase.dll
0x00007ffdb2330000 - 0x00007ffdb23aa000 	C:\WINDOWS\System32\bcryptPrimitives.dll
0x00007ffdb4e00000 - 0x00007ffdb4e2d000 	C:\WINDOWS\System32\IMM32.DLL
0x0000000066340000 - 0x0000000066412000 	C:\Program Files\Java\jdk1.8.0_66\jre\bin\msvcr100.dll
0x0000000065ab0000 - 0x0000000066339000 	C:\Program Files\Java\jdk1.8.0_66\jre\bin\server\jvm.dll
0x00007ffdb5210000 - 0x00007ffdb5218000 	C:\WINDOWS\System32\PSAPI.DLL
0x00007ffdaa240000 - 0x00007ffdaa263000 	C:\WINDOWS\SYSTEM32\WINMM.dll
0x00007ffdab780000 - 0x00007ffdab78a000 	C:\WINDOWS\SYSTEM32\VERSION.dll
0x00007ffdb0210000 - 0x00007ffdb0219000 	C:\WINDOWS\SYSTEM32\WSOCK32.dll
0x00007ffdb4a60000 - 0x00007ffdb4acc000 	C:\WINDOWS\System32\WS2_32.dll
0x00007ffdaa210000 - 0x00007ffdaa23a000 	C:\WINDOWS\SYSTEM32\winmmbase.dll
0x00007ffdb1dd0000 - 0x00007ffdb1e19000 	C:\WINDOWS\System32\cfgmgr32.dll
0x0000000065aa0000 - 0x0000000065aaf000 	C:\Program Files\Java\jdk1.8.0_66\jre\bin\verify.dll
0x0000000065a70000 - 0x0000000065a99000 	C:\Program Files\Java\jdk1.8.0_66\jre\bin\java.dll
0x0000000065a50000 - 0x0000000065a66000 	C:\Program Files\Java\jdk1.8.0_66\jre\bin\zip.dll
0x00007ffdb3280000 - 0x00007ffdb46c0000 	C:\WINDOWS\System32\SHELL32.dll
0x00007ffdb5160000 - 0x00007ffdb5209000 	C:\WINDOWS\System32\shcore.dll
0x00007ffdb16c0000 - 0x00007ffdb1dcd000 	C:\WINDOWS\System32\windows.storage.dll
0x00007ffdb3210000 - 0x00007ffdb3261000 	C:\WINDOWS\System32\shlwapi.dll
0x00007ffdb16a0000 - 0x00007ffdb16b1000 	C:\WINDOWS\System32\kernel.appcore.dll
0x00007ffdb1650000 - 0x00007ffdb166f000 	C:\WINDOWS\System32\profapi.dll
0x00007ffdb1600000 - 0x00007ffdb164c000 	C:\WINDOWS\System32\powrprof.dll
0x00007ffdb1670000 - 0x00007ffdb167a000 	C:\WINDOWS\System32\FLTLIB.DLL
0x0000000065a30000 - 0x0000000065a4a000 	C:\Program Files\Java\jdk1.8.0_66\jre\bin\net.dll
0x00007ffdb0e80000 - 0x00007ffdb0ee6000 	C:\WINDOWS\system32\mswsock.dll
0x0000000065a10000 - 0x0000000065a21000 	C:\Program Files\Java\jdk1.8.0_66\jre\bin\nio.dll
0x00007ffda2630000 - 0x00007ffda264e000 	C:\Users\PulakDebasish\.gradle\native\25\windows-amd64\native-platform.dll
0x0000000065a00000 - 0x0000000065a0d000 	C:\Program Files\Java\jdk1.8.0_66\jre\bin\management.dll
0x00007ffdb1030000 - 0x00007ffdb1047000 	C:\WINDOWS\SYSTEM32\CRYPTSP.dll
0x00007ffdb0a60000 - 0x00007ffdb0a93000 	C:\WINDOWS\system32\rsaenh.dll
0x00007ffdb1160000 - 0x00007ffdb1185000 	C:\WINDOWS\SYSTEM32\bcrypt.dll
0x00007ffdb1530000 - 0x00007ffdb1558000 	C:\WINDOWS\SYSTEM32\USERENV.dll
0x00007ffdb1050000 - 0x00007ffdb105b000 	C:\WINDOWS\SYSTEM32\CRYPTBASE.dll
0x00007ffdb0c00000 - 0x00007ffdb0c38000 	C:\WINDOWS\SYSTEM32\IPHLPAPI.DLL
0x00007ffdb3270000 - 0x00007ffdb3278000 	C:\WINDOWS\System32\NSI.dll
0x00007ffda9f70000 - 0x00007ffda9f86000 	C:\WINDOWS\SYSTEM32\dhcpcsvc6.DLL
0x00007ffdaa2c0000 - 0x00007ffdaa2da000 	C:\WINDOWS\SYSTEM32\dhcpcsvc.DLL

VM Arguments:
jvm_args: -XX:MaxPermSize=1024m -XX:ReservedCodeCacheSize=440m -XX:+UseCompressedOops -XX:+HeapDumpOnOutOfMemoryError -Xms1024m -Xmx7168m -Dfile.encoding=UTF-8 -Duser.country=IN -Duser.language=en -Duser.variant 
java_command: org.gradle.launcher.daemon.bootstrap.GradleDaemon 4.4
java_class_path (initial): C:\Users\PulakDebasish\.gradle\wrapper\dists\gradle-4.4-all\9br9xq1tocpiv8o6njlyu5op1\gradle-4.4\lib\gradle-launcher-4.4.jar
Launcher Type: SUN_STANDARD

Environment Variables:
JAVA_HOME=C:\Program Files\Java\jdk1.8.0_66
USERNAME=PulakDebasish
OS=Windows_NT
PROCESSOR_IDENTIFIER=Intel64 Family 6 Model 61 Stepping 4, GenuineIntel



---------------  S Y S T E M  ---------------

OS: Windows 10.0 , 64 bit Build 17134 (10.0.17134.1)

CPU:total 4 (2 cores per cpu, 2 threads per core) family 6 model 61 stepping 4, cmov, cx8, fxsr, mmx, sse, sse2, sse3, ssse3, sse4.1, sse4.2, popcnt, avx, avx2, aes, clmul, erms, 3dnowpref, lzcnt, ht, tsc, tscinvbit, bmi1, bmi2, adx

Memory: 4k page, physical 8289072k(1905092k free), swap 14580528k(6600k free)

vm_info: Java HotSpot(TM) 64-Bit Server VM (25.66-b18) for windows-amd64 JRE (1.8.0_66-b18), built on Nov  9 2015 10:51:13 by "java_re" with MS VC++ 10.0 (VS2010)

time: Fri May 25 21:29:28 2018
elapsed time: 2 seconds (0d 0h 0m 2s)

